{
"contracts\\ERC20.sol":{"l":{"54":76,"55":76,"63":1,"71":1,"88":1,"95":4,"102":15,"114":8,"115":4,"122":18,"133":28,"134":26,"155":14,"157":6,"158":6,"159":4,"163":4,"179":8,"180":6,"198":16,"199":16,"200":6,"204":6,"226":32,"227":28,"229":22,"231":22,"232":22,"233":14,"236":14,"238":14,"240":14,"253":81,"255":79,"257":79,"258":79,"259":79,"261":79,"276":10,"278":8,"280":8,"281":8,"282":6,"285":6,"287":6,"289":6,"310":58,"311":56,"313":50,"314":50},"path":"C:\\Users\\Dima\\Desktop\\solidity\\contracts\\contracts\\ERC20.sol","s":{"1":76,"2":76,"3":1,"4":1,"5":1,"6":4,"7":15,"8":8,"9":4,"10":18,"11":28,"12":26,"13":14,"14":6,"15":6,"16":4,"17":8,"18":6,"19":16,"20":16,"21":6,"22":32,"23":28,"24":22,"25":22,"26":22,"27":14,"28":14,"29":14,"30":81,"31":79,"32":79,"33":79,"34":79,"35":79,"36":10,"37":8,"38":8,"39":8,"40":6,"41":6,"42":6,"43":58,"44":56,"45":50,"46":50},"b":{"1":[4,2],"2":[6,10],"3":[28,4],"4":[22,6],"5":[14,8],"6":[79,2],"7":[8,2],"8":[6,2],"9":[56,2],"10":[50,6]},"f":{"1":76,"2":1,"3":1,"4":1,"5":4,"6":15,"7":8,"8":18,"9":28,"10":14,"11":8,"12":16,"13":32,"14":81,"15":10,"16":58,"17":109,"18":99},"fnMap":{"1":{"name":"constructor","line":53,"loc":{"start":{"line":53,"column":4},"end":{"line":57,"column":4}}},"2":{"name":"name","line":62,"loc":{"start":{"line":62,"column":4},"end":{"line":64,"column":4}}},"3":{"name":"symbol","line":70,"loc":{"start":{"line":70,"column":4},"end":{"line":72,"column":4}}},"4":{"name":"decimals","line":87,"loc":{"start":{"line":87,"column":4},"end":{"line":89,"column":4}}},"5":{"name":"totalSupply","line":94,"loc":{"start":{"line":94,"column":4},"end":{"line":96,"column":4}}},"6":{"name":"balanceOf","line":101,"loc":{"start":{"line":101,"column":4},"end":{"line":103,"column":4}}},"7":{"name":"transfer","line":113,"loc":{"start":{"line":113,"column":4},"end":{"line":116,"column":4}}},"8":{"name":"allowance","line":121,"loc":{"start":{"line":121,"column":4},"end":{"line":123,"column":4}}},"9":{"name":"approve","line":132,"loc":{"start":{"line":132,"column":4},"end":{"line":135,"column":4}}},"10":{"name":"transferFrom","line":150,"loc":{"start":{"line":150,"column":4},"end":{"line":164,"column":4}}},"11":{"name":"increaseAllowance","line":178,"loc":{"start":{"line":178,"column":4},"end":{"line":181,"column":4}}},"12":{"name":"decreaseAllowance","line":197,"loc":{"start":{"line":197,"column":4},"end":{"line":205,"column":4}}},"13":{"name":"_transfer","line":221,"loc":{"start":{"line":221,"column":4},"end":{"line":241,"column":4}}},"14":{"name":"_mint","line":252,"loc":{"start":{"line":252,"column":4},"end":{"line":262,"column":4}}},"15":{"name":"_burn","line":275,"loc":{"start":{"line":275,"column":4},"end":{"line":290,"column":4}}},"16":{"name":"_approve","line":305,"loc":{"start":{"line":305,"column":4},"end":{"line":315,"column":4}}},"17":{"name":"_beforeTokenTransfer","line":331,"loc":{"start":{"line":331,"column":4},"end":{"line":335,"column":24}}},"18":{"name":"_afterTokenTransfer","line":351,"loc":{"start":{"line":351,"column":4},"end":{"line":355,"column":24}}}},"statementMap":{"1":{"start":{"line":54,"column":8},"end":{"line":54,"column":20}},"2":{"start":{"line":55,"column":8},"end":{"line":55,"column":24}},"3":{"start":{"line":63,"column":8},"end":{"line":63,"column":20}},"4":{"start":{"line":71,"column":8},"end":{"line":71,"column":22}},"5":{"start":{"line":88,"column":8},"end":{"line":88,"column":16}},"6":{"start":{"line":95,"column":8},"end":{"line":95,"column":27}},"7":{"start":{"line":102,"column":8},"end":{"line":102,"column":33}},"8":{"start":{"line":114,"column":8},"end":{"line":114,"column":49}},"9":{"start":{"line":115,"column":8},"end":{"line":115,"column":19}},"10":{"start":{"line":122,"column":8},"end":{"line":122,"column":42}},"11":{"start":{"line":133,"column":8},"end":{"line":133,"column":46}},"12":{"start":{"line":134,"column":8},"end":{"line":134,"column":19}},"13":{"start":{"line":155,"column":8},"end":{"line":155,"column":43}},"14":{"start":{"line":157,"column":8},"end":{"line":157,"column":68}},"15":{"start":{"line":158,"column":8},"end":{"line":158,"column":86}},"16":{"start":{"line":163,"column":8},"end":{"line":163,"column":19}},"17":{"start":{"line":179,"column":8},"end":{"line":179,"column":87}},"18":{"start":{"line":180,"column":8},"end":{"line":180,"column":19}},"19":{"start":{"line":198,"column":8},"end":{"line":198,"column":69}},"20":{"start":{"line":199,"column":8},"end":{"line":199,"column":92}},"21":{"start":{"line":204,"column":8},"end":{"line":204,"column":19}},"22":{"start":{"line":226,"column":8},"end":{"line":226,"column":77}},"23":{"start":{"line":227,"column":8},"end":{"line":227,"column":78}},"24":{"start":{"line":229,"column":8},"end":{"line":229,"column":54}},"25":{"start":{"line":231,"column":8},"end":{"line":231,"column":49}},"26":{"start":{"line":232,"column":8},"end":{"line":232,"column":81}},"27":{"start":{"line":236,"column":8},"end":{"line":236,"column":37}},"28":{"start":{"line":238,"column":8},"end":{"line":238,"column":48}},"29":{"start":{"line":240,"column":8},"end":{"line":240,"column":53}},"30":{"start":{"line":253,"column":8},"end":{"line":253,"column":72}},"31":{"start":{"line":255,"column":8},"end":{"line":255,"column":56}},"32":{"start":{"line":257,"column":8},"end":{"line":257,"column":29}},"33":{"start":{"line":258,"column":8},"end":{"line":258,"column":35}},"34":{"start":{"line":259,"column":8},"end":{"line":259,"column":50}},"35":{"start":{"line":261,"column":8},"end":{"line":261,"column":55}},"36":{"start":{"line":276,"column":8},"end":{"line":276,"column":74}},"37":{"start":{"line":278,"column":8},"end":{"line":278,"column":56}},"38":{"start":{"line":280,"column":8},"end":{"line":280,"column":51}},"39":{"start":{"line":281,"column":8},"end":{"line":281,"column":78}},"40":{"start":{"line":285,"column":8},"end":{"line":285,"column":29}},"41":{"start":{"line":287,"column":8},"end":{"line":287,"column":50}},"42":{"start":{"line":289,"column":8},"end":{"line":289,"column":55}},"43":{"start":{"line":310,"column":8},"end":{"line":310,"column":75}},"44":{"start":{"line":311,"column":8},"end":{"line":311,"column":75}},"45":{"start":{"line":313,"column":8},"end":{"line":313,"column":43}},"46":{"start":{"line":314,"column":8},"end":{"line":314,"column":45}}},"branchMap":{"1":{"line":158,"type":"if","locations":[{"start":{"line":158,"column":8},"end":{"line":158,"column":8}},{"start":{"line":158,"column":8},"end":{"line":158,"column":8}}]},"2":{"line":199,"type":"if","locations":[{"start":{"line":199,"column":8},"end":{"line":199,"column":8}},{"start":{"line":199,"column":8},"end":{"line":199,"column":8}}]},"3":{"line":226,"type":"if","locations":[{"start":{"line":226,"column":8},"end":{"line":226,"column":8}},{"start":{"line":226,"column":8},"end":{"line":226,"column":8}}]},"4":{"line":227,"type":"if","locations":[{"start":{"line":227,"column":8},"end":{"line":227,"column":8}},{"start":{"line":227,"column":8},"end":{"line":227,"column":8}}]},"5":{"line":232,"type":"if","locations":[{"start":{"line":232,"column":8},"end":{"line":232,"column":8}},{"start":{"line":232,"column":8},"end":{"line":232,"column":8}}]},"6":{"line":253,"type":"if","locations":[{"start":{"line":253,"column":8},"end":{"line":253,"column":8}},{"start":{"line":253,"column":8},"end":{"line":253,"column":8}}]},"7":{"line":276,"type":"if","locations":[{"start":{"line":276,"column":8},"end":{"line":276,"column":8}},{"start":{"line":276,"column":8},"end":{"line":276,"column":8}}]},"8":{"line":281,"type":"if","locations":[{"start":{"line":281,"column":8},"end":{"line":281,"column":8}},{"start":{"line":281,"column":8},"end":{"line":281,"column":8}}]},"9":{"line":310,"type":"if","locations":[{"start":{"line":310,"column":8},"end":{"line":310,"column":8}},{"start":{"line":310,"column":8},"end":{"line":310,"column":8}}]},"10":{"line":311,"type":"if","locations":[{"start":{"line":311,"column":8},"end":{"line":311,"column":8}},{"start":{"line":311,"column":8},"end":{"line":311,"column":8}}]}}},
"contracts\\extentions\\IERC20Metadata.sol":{"l":{},"path":"C:\\Users\\Dima\\Desktop\\solidity\\contracts\\contracts\\extentions\\IERC20Metadata.sol","s":{},"b":{},"f":{},"fnMap":{},"statementMap":{},"branchMap":{}},
"contracts\\IERC20.sol":{"l":{},"path":"C:\\Users\\Dima\\Desktop\\solidity\\contracts\\contracts\\IERC20.sol","s":{},"b":{},"f":{},"fnMap":{},"statementMap":{},"branchMap":{}},
"contracts\\TZTokens.sol":{"l":{"9":76,"13":5,"17":10,"25":12,"33":10},"path":"C:\\Users\\Dima\\Desktop\\solidity\\contracts\\contracts\\TZTokens.sol","s":{"1":76,"2":5,"3":10,"4":12,"5":10},"b":{},"f":{"1":76,"2":5,"3":10,"4":12,"5":10},"fnMap":{"1":{"name":"constructor","line":8,"loc":{"start":{"line":8,"column":4},"end":{"line":10,"column":4}}},"2":{"name":"mint","line":12,"loc":{"start":{"line":12,"column":4},"end":{"line":14,"column":4}}},"3":{"name":"burn","line":16,"loc":{"start":{"line":16,"column":4},"end":{"line":18,"column":4}}},"4":{"name":"approveInternal","line":20,"loc":{"start":{"line":20,"column":4},"end":{"line":26,"column":4}}},"5":{"name":"transferInternal","line":28,"loc":{"start":{"line":28,"column":4},"end":{"line":34,"column":4}}}},"statementMap":{"1":{"start":{"line":9,"column":8},"end":{"line":9,"column":36}},"2":{"start":{"line":13,"column":8},"end":{"line":13,"column":29}},"3":{"start":{"line":17,"column":8},"end":{"line":17,"column":29}},"4":{"start":{"line":25,"column":8},"end":{"line":25,"column":39}},"5":{"start":{"line":33,"column":8},"end":{"line":33,"column":43}}},"branchMap":{}},
"contracts\\utils\\Context.sol":{"l":{"17":84,"21":0},"path":"C:\\Users\\Dima\\Desktop\\solidity\\contracts\\contracts\\utils\\Context.sol","s":{"1":84,"2":0},"b":{},"f":{"1":84,"2":0},"fnMap":{"1":{"name":"_msgSender","line":16,"loc":{"start":{"line":16,"column":4},"end":{"line":18,"column":4}}},"2":{"name":"_msgData","line":20,"loc":{"start":{"line":20,"column":4},"end":{"line":22,"column":4}}}},"statementMap":{"1":{"start":{"line":17,"column":8},"end":{"line":17,"column":25}},"2":{"start":{"line":21,"column":8},"end":{"line":21,"column":23}}},"branchMap":{}}}
