TN:
SF:C:\Users\Dima\Desktop\solidity\contracts\contracts\ERC20.sol
FN:53,constructor
FN:62,name
FN:70,symbol
FN:87,decimals
FN:94,totalSupply
FN:101,balanceOf
FN:113,transfer
FN:121,allowance
FN:132,approve
FN:150,transferFrom
FN:178,increaseAllowance
FN:197,decreaseAllowance
FN:221,_transfer
FN:252,_mint
FN:275,_burn
FN:305,_approve
FN:331,_beforeTokenTransfer
FN:351,_afterTokenTransfer
FNF:18
FNH:4
FNDA:3,constructor
FNDA:0,name
FNDA:0,symbol
FNDA:0,decimals
FNDA:0,totalSupply
FNDA:0,balanceOf
FNDA:0,transfer
FNDA:0,allowance
FNDA:0,approve
FNDA:0,transferFrom
FNDA:0,increaseAllowance
FNDA:0,decreaseAllowance
FNDA:0,_transfer
FNDA:6,_mint
FNDA:0,_burn
FNDA:0,_approve
FNDA:6,_beforeTokenTransfer
FNDA:6,_afterTokenTransfer
DA:54,3
DA:55,3
DA:56,3
DA:63,0
DA:71,0
DA:88,0
DA:95,0
DA:102,0
DA:114,0
DA:115,0
DA:122,0
DA:133,0
DA:134,0
DA:155,0
DA:157,0
DA:158,0
DA:159,0
DA:163,0
DA:179,0
DA:180,0
DA:198,0
DA:199,0
DA:200,0
DA:204,0
DA:226,0
DA:227,0
DA:229,0
DA:231,0
DA:232,0
DA:233,0
DA:236,0
DA:238,0
DA:240,0
DA:253,6
DA:255,6
DA:257,6
DA:258,6
DA:259,6
DA:261,6
DA:276,0
DA:278,0
DA:280,0
DA:281,0
DA:282,0
DA:285,0
DA:287,0
DA:289,0
DA:310,0
DA:311,0
DA:313,0
DA:314,0
LF:51
LH:9
BRDA:158,1,0,0
BRDA:158,1,1,0
BRDA:199,2,0,0
BRDA:199,2,1,0
BRDA:226,3,0,0
BRDA:226,3,1,0
BRDA:227,4,0,0
BRDA:227,4,1,0
BRDA:232,5,0,0
BRDA:232,5,1,0
BRDA:253,6,0,6
BRDA:253,6,1,0
BRDA:276,7,0,0
BRDA:276,7,1,0
BRDA:281,8,0,0
BRDA:281,8,1,0
BRDA:310,9,0,0
BRDA:310,9,1,0
BRDA:311,10,0,0
BRDA:311,10,1,0
BRF:20
BRH:1
end_of_record
TN:
SF:C:\Users\Dima\Desktop\solidity\contracts\contracts\extentions\IERC20Metadata.sol
FNF:0
FNH:0
LF:0
LH:0
BRF:0
BRH:0
end_of_record
TN:
SF:C:\Users\Dima\Desktop\solidity\contracts\contracts\IERC20.sol
FNF:0
FNH:0
LF:0
LH:0
BRF:0
BRH:0
end_of_record
TN:
SF:C:\Users\Dima\Desktop\solidity\contracts\contracts\TZTokens.sol
FN:8,constructor
FNF:1
FNH:1
FNDA:3,constructor
DA:9,3
LF:1
LH:1
BRF:0
BRH:0
end_of_record
TN:
SF:C:\Users\Dima\Desktop\solidity\contracts\contracts\utils\Context.sol
FN:16,_msgSender
FN:20,_msgData
FNF:2
FNH:0
FNDA:0,_msgSender
FNDA:0,_msgData
DA:17,0
DA:21,0
LF:2
LH:0
BRF:0
BRH:0
end_of_record
