TN:
SF:C:\Users\Dima\Desktop\solidity\contracts\contracts\ERC20.sol
FN:53,constructor
FN:62,name
FN:70,symbol
FN:87,decimals
FN:94,totalSupply
FN:101,balanceOf
FN:113,transfer
FN:121,allowance
FN:132,approve
FN:150,transferFrom
FN:178,increaseAllowance
FN:197,decreaseAllowance
FN:221,_transfer
FN:252,_mint
FN:275,_burn
FN:305,_approve
FN:331,_beforeTokenTransfer
FN:351,_afterTokenTransfer
FNF:18
FNH:17
FNDA:70,constructor
FNDA:1,name
FNDA:1,symbol
FNDA:1,decimals
FNDA:1,totalSupply
FNDA:8,balanceOf
FNDA:8,transfer
FNDA:14,allowance
FNDA:28,approve
FNDA:14,transferFrom
FNDA:8,increaseAllowance
FNDA:16,decreaseAllowance
FNDA:22,_transfer
FNDA:70,_mint
FNDA:0,_burn
FNDA:46,_approve
FNDA:86,_beforeTokenTransfer
FNDA:80,_afterTokenTransfer
DA:54,70
DA:55,70
DA:63,1
DA:71,1
DA:88,1
DA:95,1
DA:102,8
DA:114,8
DA:115,4
DA:122,14
DA:133,28
DA:134,26
DA:155,14
DA:157,6
DA:158,6
DA:159,4
DA:163,4
DA:179,8
DA:180,6
DA:198,16
DA:199,16
DA:200,6
DA:204,6
DA:226,22
DA:227,20
DA:229,16
DA:231,16
DA:232,16
DA:233,10
DA:236,10
DA:238,10
DA:240,10
DA:253,70
DA:255,70
DA:257,70
DA:258,70
DA:259,70
DA:261,70
DA:276,0
DA:278,0
DA:280,0
DA:281,0
DA:282,0
DA:285,0
DA:287,0
DA:289,0
DA:310,46
DA:311,46
DA:313,42
DA:314,42
LF:50
LH:42
BRDA:158,1,0,4
BRDA:158,1,1,2
BRDA:199,2,0,6
BRDA:199,2,1,10
BRDA:226,3,0,20
BRDA:226,3,1,2
BRDA:227,4,0,16
BRDA:227,4,1,4
BRDA:232,5,0,10
BRDA:232,5,1,6
BRDA:253,6,0,70
BRDA:253,6,1,0
BRDA:276,7,0,0
BRDA:276,7,1,0
BRDA:281,8,0,0
BRDA:281,8,1,0
BRDA:310,9,0,46
BRDA:310,9,1,0
BRDA:311,10,0,42
BRDA:311,10,1,4
BRF:20
BRH:14
end_of_record
TN:
SF:C:\Users\Dima\Desktop\solidity\contracts\contracts\extentions\IERC20Metadata.sol
FNF:0
FNH:0
LF:0
LH:0
BRF:0
BRH:0
end_of_record
TN:
SF:C:\Users\Dima\Desktop\solidity\contracts\contracts\IERC20.sol
FNF:0
FNH:0
LF:0
LH:0
BRF:0
BRH:0
end_of_record
TN:
SF:C:\Users\Dima\Desktop\solidity\contracts\contracts\TZTokens.sol
FN:8,constructor
FN:12,mint
FN:16,burn
FNF:3
FNH:1
FNDA:70,constructor
FNDA:0,mint
FNDA:0,burn
DA:9,70
DA:13,0
DA:17,0
LF:3
LH:1
BRF:0
BRH:0
end_of_record
TN:
SF:C:\Users\Dima\Desktop\solidity\contracts\contracts\utils\Context.sol
FN:16,_msgSender
FN:20,_msgData
FNF:2
FNH:1
FNDA:84,_msgSender
FNDA:0,_msgData
DA:17,84
DA:21,0
LF:2
LH:1
BRF:0
BRH:0
end_of_record
